21:08:15.836 [debug] Child {LoggerFileBackend, :general_log} of Supervisor Logger.Backends.Supervisor started
Pid: #PID<0.113.0>
Start Call: Logger.Backends.Watcher.start_link({{LoggerFileBackend, :general_log}, {LoggerFileBackend, :general_log}})
Restart: :transient
Shutdown: 5000
Type: :worker
21:08:15.836 [info] Child Logger.Backends.Supervisor of Supervisor Logger.Backends.Internal started
Pid: #PID<0.112.0>
Start Call: Logger.Backends.Supervisor.start_link([{LoggerFileBackend, :general_log}])
Restart: :permanent
Shutdown: :infinity
Type: :supervisor
21:08:15.837 [info] Child Logger.Backends.Internal of Supervisor Logger.Supervisor started
Pid: #PID<0.108.0>
Start Call: Logger.Backends.Internal.start_link([])
Restart: :permanent
Shutdown: :infinity
Type: :supervisor
21:08:15.837 [info] Application logger started at :nonode@nohost
21:08:17.056 [error] FATAL: Lexical is not compatible with Elixir 1.19.5

Lexical is compatible with the following versions of Elixir:

  >= 1.13.0
  >= 1.14.0
  >= 1.15.3
  >= 1.16.0
  >= 1.17.0
  >= 1.17.0-rc
  >= 1.18.1

20:06:14.018 [info] Application logger started at :nonode@nohost
20:06:16.090 [error] FATAL: Lexical is not compatible with Erlang/OTP 24.0.0

Lexical is compatible with the following versions of Erlang/OTP:

  >= 24.3.4
  >= 25.0.0
  >= 26.0.2
  >= 27.0.0

